d:\work_space\piplinetd-main\piplinetd-main\dllfiles\bin\my_plugin.dir\debug\vc142.pdb
d:\work_space\piplinetd-main\piplinetd-main\dllfiles\bin\my_plugin.dir\debug\scoremanager.obj
d:\work_space\piplinetd-main\piplinetd-main\dllfiles\bin\my_plugin.dir\debug\datastructure.obj
d:\work_space\piplinetd-main\piplinetd-main\dllfiles\bin\my_plugin.dir\debug\timerwork.obj
d:\work_space\piplinetd-main\piplinetd-main\dllfiles\bin\cmakefiles\generate.stamp
d:\work_space\piplinetd-main\piplinetd-main\dllfiles\bin\my_plugin.dir\debug\my_plugin.ilk
d:\work_space\piplinetd-main\piplinetd-main\dllfiles\bin\debug\my_plugin.dll
d:\work_space\piplinetd-main\piplinetd-main\dllfiles\bin\debug\my_plugin.pdb
d:\work_space\piplinetd-main\piplinetd-main\dllfiles\bin\debug\my_plugin.lib
d:\work_space\piplinetd-main\piplinetd-main\dllfiles\bin\debug\my_plugin.exp
d:\work_space\piplinetd-main\piplinetd-main\dllfiles\bin\my_plugin.dir\debug\my_plugin.tlog\cl.command.1.tlog
d:\work_space\piplinetd-main\piplinetd-main\dllfiles\bin\my_plugin.dir\debug\my_plugin.tlog\cl.read.1.tlog
d:\work_space\piplinetd-main\piplinetd-main\dllfiles\bin\my_plugin.dir\debug\my_plugin.tlog\cl.write.1.tlog
d:\work_space\piplinetd-main\piplinetd-main\dllfiles\bin\my_plugin.dir\debug\my_plugin.tlog\custombuild.command.1.tlog
d:\work_space\piplinetd-main\piplinetd-main\dllfiles\bin\my_plugin.dir\debug\my_plugin.tlog\custombuild.read.1.tlog
d:\work_space\piplinetd-main\piplinetd-main\dllfiles\bin\my_plugin.dir\debug\my_plugin.tlog\custombuild.write.1.tlog
d:\work_space\piplinetd-main\piplinetd-main\dllfiles\bin\my_plugin.dir\debug\my_plugin.tlog\link.command.1.tlog
d:\work_space\piplinetd-main\piplinetd-main\dllfiles\bin\my_plugin.dir\debug\my_plugin.tlog\link.read.1.tlog
d:\work_space\piplinetd-main\piplinetd-main\dllfiles\bin\my_plugin.dir\debug\my_plugin.tlog\link.write.1.tlog
d:\work_space\piplinetd-main\piplinetd-main\dllfiles\bin\my_plugin.dir\debug\my_plugin.tlog\my_plugin.write.1u.tlog
